<?xml version="1.0" encoding="UTF-8"?>
<!-- Generated by org.testng.reporters.JUnitReportReporter -->
<testsuite name="com.testnglearnings.BrokenLinks" tests="1" time="15.474" ignored="0" failures="0" timestamp="01 Mar 2018 08:42:08 GMT" skipped="0" hostname="SSG-INDIA-WS21" errors="0">
  <testcase name="brokenlink" time="15.474" classname="com.testnglearnings.BrokenLinks"/>
</testsuite> <!-- com.testnglearnings.BrokenLinks -->
