<?xml version="1.0" encoding="UTF-8"?>
<!-- Generated by org.testng.reporters.JUnitReportReporter -->
<testsuite name="com.release102.letesting.DataproviderForSingleInstance" tests="1" time="62.926" ignored="0" failures="0" timestamp="06 Mar 2018 10:21:47 GMT" skipped="0" hostname="SSG-INDIA-WS21" errors="0">
  <testcase name="loancreation" time="62.926" classname="com.release102.letesting.DataproviderForSingleInstance"/>
</testsuite> <!-- com.release102.letesting.DataproviderForSingleInstance -->
