<?xml version="1.0" encoding="UTF-8"?>
<!-- Generated by org.testng.reporters.JUnitReportReporter -->
<testsuite name="spectrum.endtoendflow.loancreation.SpectrumUtility" tests="1" time="18.685" ignored="0" failures="0" timestamp="13 Feb 2018 04:51:48 GMT" skipped="0" hostname="SSG-INDIA-WS21" errors="0">
  <testcase name="spectrumbrowser" time="18.685" classname="spectrum.endtoendflow.loancreation.SpectrumUtility"/>
</testsuite> <!-- spectrum.endtoendflow.loancreation.SpectrumUtility -->
