<?xml version="1.0" encoding="UTF-8"?>
<!-- Generated by org.testng.reporters.JUnitReportReporter -->
<testsuite name="com.testnglearnings.Testcase01" tests="1" time="8.732" ignored="6" failures="0" timestamp="29 Mar 2018 05:37:55 GMT" skipped="0" hostname="SSG-INDIA-WS21" errors="0">
  <testcase name="redbus" time="8.732" classname="com.testnglearnings.Testcase01"/>
  <testcase name="browserclose" classname="com.testnglearnings.InvokeBrowsers">
    <skipped/>
  </testcase> <!-- browserclose -->
  <testcase name="browserclose" classname="com.testnglearnings.InvokeBrowsers">
    <skipped/>
  </testcase> <!-- browserclose -->
  <testcase name="browserclose" classname="com.testnglearnings.InvokeBrowsers">
    <skipped/>
  </testcase> <!-- browserclose -->
  <testcase name="chromebrowser" classname="com.testnglearnings.InvokeBrowsers">
    <skipped/>
  </testcase> <!-- chromebrowser -->
  <testcase name="chromebrowser" classname="com.testnglearnings.InvokeBrowsers">
    <skipped/>
  </testcase> <!-- chromebrowser -->
  <testcase name="chromebrowser" classname="com.testnglearnings.InvokeBrowsers">
    <skipped/>
  </testcase> <!-- chromebrowser -->
</testsuite> <!-- com.testnglearnings.Testcase01 -->
