<?xml version="1.0" encoding="UTF-8"?>
<!-- Generated by org.testng.reporters.JUnitReportReporter -->
<testsuite name="com.parallelexecution.Testcase005" tests="1" time="0.022" ignored="0" failures="0" timestamp="05 Apr 2018 09:49:23 GMT" skipped="0" hostname="SSG-INDIA-WS21" errors="0">
  <testcase name="launchexternalprogram" time="0.022" classname="com.parallelexecution.Testcase005"/>
</testsuite> <!-- com.parallelexecution.Testcase005 -->
