<?xml version="1.0" encoding="UTF-8"?>
<!-- Generated by org.testng.reporters.JUnitReportReporter -->
<testsuite name="com.testnglearnings.InvokeBrowsers" tests="1" time="10.476" ignored="0" failures="0" timestamp="21 Mar 2018 06:46:59 GMT" skipped="0" hostname="SSG-INDIA-WS21" errors="0">
  <testcase name="spectrumlogin" time="10.476" classname="com.testnglearnings.InvokeBrowsers"/>
</testsuite> <!-- com.testnglearnings.InvokeBrowsers -->
