<?xml version="1.0" encoding="UTF-8"?>
<!-- Generated by org.testng.reporters.JUnitReportReporter -->
<testsuite name="spectrum.endtoendflow.loancreation.CreditOrder" tests="1" time="43.246" ignored="0" failures="0" timestamp="18 Jan 2018 10:14:31 GMT" skipped="0" hostname="SSG-INDIA-WS21" errors="0">
  <testcase name="upload" time="43.246" classname="spectrum.endtoendflow.loancreation.CreditOrder"/>
</testsuite> <!-- spectrum.endtoendflow.loancreation.CreditOrder -->
