<?xml version="1.0" encoding="UTF-8"?>
<!-- Generated by org.testng.reporters.JUnitReportReporter -->
<testsuite name="com.testnglearnings.Testcase05" tests="1" time="42.633" ignored="6" failures="0" timestamp="27 Mar 2018 08:43:56 GMT" skipped="0" hostname="SSG-INDIA-WS21" errors="0">
  <testcase name="kpntravels" time="42.633" classname="com.testnglearnings.Testcase05"/>
  <testcase name="browserclose" classname="com.testnglearnings.InvokeBrowsers">
    <skipped/>
  </testcase> <!-- browserclose -->
  <testcase name="browserclose" classname="com.testnglearnings.InvokeBrowsers">
    <skipped/>
  </testcase> <!-- browserclose -->
  <testcase name="browserclose" classname="com.testnglearnings.InvokeBrowsers">
    <skipped/>
  </testcase> <!-- browserclose -->
  <testcase name="chromebrowser" classname="com.testnglearnings.InvokeBrowsers">
    <skipped/>
  </testcase> <!-- chromebrowser -->
  <testcase name="chromebrowser" classname="com.testnglearnings.InvokeBrowsers">
    <skipped/>
  </testcase> <!-- chromebrowser -->
  <testcase name="chromebrowser" classname="com.testnglearnings.InvokeBrowsers">
    <skipped/>
  </testcase> <!-- chromebrowser -->
</testsuite> <!-- com.testnglearnings.Testcase05 -->
