<?xml version="1.0" encoding="UTF-8"?>
<!-- Generated by org.testng.reporters.JUnitReportReporter -->
<testsuite name="com.parallelexecution.Testcase002" tests="1" time="12.036" ignored="9" failures="0" timestamp="29 Mar 2018 06:38:08 GMT" skipped="0" hostname="SSG-INDIA-WS21" errors="0">
  <testcase name="kpntravels" time="12.036" classname="com.parallelexecution.Testcase002"/>
  <testcase name="browserclose" classname="com.parallelexecution.InvokeBrowsers">
    <skipped/>
  </testcase> <!-- browserclose -->
  <testcase name="browserclose" classname="com.parallelexecution.InvokeBrowsers">
    <skipped/>
  </testcase> <!-- browserclose -->
  <testcase name="browserclose" classname="com.parallelexecution.InvokeBrowsers">
    <skipped/>
  </testcase> <!-- browserclose -->
  <testcase name="teststep" classname="com.parallelexecution.InvokeBrowsers">
    <skipped/>
  </testcase> <!-- teststep -->
  <testcase name="teststep" classname="com.parallelexecution.InvokeBrowsers">
    <skipped/>
  </testcase> <!-- teststep -->
  <testcase name="teststep" classname="com.parallelexecution.InvokeBrowsers">
    <skipped/>
  </testcase> <!-- teststep -->
  <testcase name="htmlreportgenerator" classname="com.parallelexecution.InvokeBrowsers">
    <skipped/>
  </testcase> <!-- htmlreportgenerator -->
  <testcase name="htmlreportgenerator" classname="com.parallelexecution.InvokeBrowsers">
    <skipped/>
  </testcase> <!-- htmlreportgenerator -->
  <testcase name="htmlreportgenerator" classname="com.parallelexecution.InvokeBrowsers">
    <skipped/>
  </testcase> <!-- htmlreportgenerator -->
</testsuite> <!-- com.parallelexecution.Testcase002 -->
