<?xml version="1.0" encoding="UTF-8"?>
<!-- Generated by org.testng.reporters.JUnitReportReporter -->
<testsuite name="com.parallelexecution.Testcase001" tests="1" time="19.358" ignored="0" failures="0" timestamp="11 Apr 2018 05:40:12 GMT" skipped="0" hostname="SSG-INDIA-WS21" errors="0">
  <testcase name="redbus" time="19.358" classname="com.parallelexecution.Testcase001"/>
</testsuite> <!-- com.parallelexecution.Testcase001 -->
