<?xml version="1.0" encoding="UTF-8"?>
<!-- Generated by org.testng.reporters.JUnitReportReporter -->
<testsuite name="spectrum.endtoendflow.loancreation.Excelreadwrite" tests="1" time="0.016" ignored="0" failures="0" timestamp="28 Feb 2018 05:37:20 GMT" skipped="0" hostname="SSG-INDIA-WS21" errors="0">
  <testcase name="excelreadandwrite" time="0.016" classname="spectrum.endtoendflow.loancreation.Excelreadwrite"/>
</testsuite> <!-- spectrum.endtoendflow.loancreation.Excelreadwrite -->
