<?xml version="1.0" encoding="UTF-8"?>
<!-- Generated by org.testng.reporters.JUnitReportReporter -->
<testsuite name="com.pacakage.javaverification.verificationClass" tests="1" time="0.014" ignored="0" failures="0" timestamp="02 Mar 2018 07:44:50 GMT" skipped="0" hostname="SSG-INDIA-WS21" errors="0">
  <testcase name="verify" time="0.014" classname="com.pacakage.javaverification.verificationClass"/>
</testsuite> <!-- com.pacakage.javaverification.verificationClass -->
